Cyclismo/Cyclismo/proguard/mapping.txt
org.cowboycoders.cyclisimo.AbstractMyTracksActivity -> org.cowboycoders.cyclisimo.AbstractMyTracksActivity:
    java.lang.String TAG -> m
    39:51:void onCreate(android.os.Bundle) -> onCreate
    int getLayoutResId() -> f
    62:62:boolean hideTitle() -> g
    69:71:void onHomeSelected() -> h
    75:79:boolean onOptionsItemSelected(android.view.MenuItem) -> onOptionsItemSelected
org.cowboycoders.cyclisimo.AggregatedStatsActivity -> org.cowboycoders.cyclisimo.AggregatedStatsActivity:
    39:42:void onCreate(android.os.Bundle) -> onCreate
    46:46:int getLayoutResId() -> f
org.cowboycoders.cyclisimo.AutoCompleteTextPreference -> org.cowboycoders.cyclisimo.AutoCompleteTextPreference:
    android.widget.AutoCompleteTextView mEditText -> a
    45:55:void onBindDialogView(android.view.View) -> onBindDialogView
    59:65:void onDialogClosed(boolean) -> onDialogClosed
org.cowboycoders.cyclisimo.BootReceiver -> org.cowboycoders.cyclisimo.BootReceiver:
    50:61:void onReceive(android.content.Context,android.content.Intent) -> onReceive
org.cowboycoders.cyclisimo.ChartValueSeries -> org.cowboycoders.cyclisimo.a:
    int absoluteMin -> a
    int absoluteMax -> b
    int[] intervalValues -> c
    int metricTitleId -> o
    int imperialTitleId -> p
    android.graphics.Paint fillPaint -> d
    android.graphics.Paint strokePaint -> e
    android.graphics.Paint titlePaint -> f
    android.graphics.Paint markerPaint -> g
    org.cowboycoders.cyclisimo.stats.ExtremityMonitor extremityMonitor -> h
    java.text.NumberFormat numberFormat -> i
    android.graphics.Path path -> j
    int interval -> k
    int minMarkerValue -> l
    int maxMarkerValue -> m
    boolean enabled -> n
    136:137:void update(double) -> a
    196:201:int getMinMarkerValue(double,int) -> a
    230:230:int getTitleId(boolean) -> a
org.cowboycoders.cyclisimo.ChartView -> org.cowboycoders.cyclisimo.ChartView:
    java.lang.String TAG -> a
    java.text.NumberFormat X_NUMBER_FORMAT -> b
    java.text.NumberFormat X_FRACTION_FORMAT -> c
    org.cowboycoders.cyclisimo.ChartValueSeries[] series -> d
    org.cowboycoders.cyclisimo.ChartValueSeries[] seriesOverlay -> e
    java.util.ArrayList chartData -> f
    java.util.ArrayList chartDataOverlay -> g
    java.util.ArrayList waypoints -> h
    org.cowboycoders.cyclisimo.stats.ExtremityMonitor xExtremityMonitor -> i
    org.cowboycoders.cyclisimo.stats.ExtremityMonitor xExtremityMonitorOverlay -> j
    double maxX -> k
    android.graphics.Paint axisPaint -> l
    android.graphics.Paint xAxisMarkerPaint -> m
    android.graphics.Paint gridPaint -> n
    android.graphics.Paint markerPaint -> o
    android.graphics.drawable.Drawable pointer -> p
    android.graphics.drawable.Drawable statisticsMarker -> q
    android.graphics.drawable.Drawable waypointMarker -> r
    int markerWidth -> s
    int markerHeight -> t
    android.widget.Scroller scroller -> u
    android.view.VelocityTracker velocityTracker -> v
    float lastMotionEventX -> w
    int zoomLevel -> x
    int leftBorder -> y
    int topBorder -> z
    int bottomBorder -> A
    int rightBorder -> B
    int spacer -> C
    int yAxisOffset -> D
    int width -> E
    int height -> F
    int effectiveWidth -> G
    int effectiveHeight -> H
    boolean chartByDistance -> I
    boolean metricUnits -> J
org.cowboycoders.cyclisimo.ContextualActionModeCallback -> org.cowboycoders.cyclisimo.b:
    boolean onClick(int,int,long) -> a
...
com.google.android.common.gdata.AndroidGDataClient$HttpRequestCreator -> com.google.android.common.a.c:
    org.apache.http.client.methods.HttpUriRequest createRequest(java.net.URI) -> a
com.google.android.common.gdata.AndroidGDataClient$PostRequestCreator -> com.google.android.common.a.d:
    java.lang.String mMethodOverride -> a
    org.apache.http.HttpEntity mEntity -> b
    90:95:org.apache.http.client.methods.HttpUriRequest createRequest(java.net.URI) -> a
com.google.android.common.gdata.AndroidXmlParserFactory -> com.google.android.common.a.e:
    21:21:org.xmlpull.v1.XmlPullParser createParser() -> a
    29:29:org.xmlpull.v1.XmlSerializer createSerializer() -> b
com.google.android.common.http.GoogleHttpClient -> com.google.android.common.b.a:
    android.net.http.AndroidHttpClient mClient -> a
    android.content.ContentResolver mResolver -> b
    java.lang.String mAppName -> c
    java.lang.String mUserAgent -> d
    java.lang.ThreadLocal mConnectionAllocated -> e
    169:170:void close() -> a
    176:222:org.apache.http.HttpResponse executeWithoutRewriting(org.apache.http.client.methods.HttpUriRequest,org.apache.http.protocol.HttpContext) -> a
    235:257:org.apache.http.HttpResponse execute(org.apache.http.client.methods.HttpUriRequest,org.apache.http.protocol.HttpContext) -> execute
    272:284:org.apache.http.impl.client.RequestWrapper wrapRequest(org.apache.http.client.methods.HttpUriRequest) -> a
    305:305:org.apache.http.params.HttpParams getParams() -> getParams
    309:309:org.apache.http.conn.ClientConnectionManager getConnectionManager() -> getConnectionManager
    313:313:org.apache.http.HttpResponse execute(org.apache.http.client.methods.HttpUriRequest) -> execute
    318:318:org.apache.http.HttpResponse execute(org.apache.http.HttpHost,org.apache.http.HttpRequest) -> execute
    323:323:org.apache.http.HttpResponse execute(org.apache.http.HttpHost,org.apache.http.HttpRequest,org.apache.http.protocol.HttpContext) -> execute
    329:329:java.lang.Object execute(org.apache.http.client.methods.HttpUriRequest,org.apache.http.client.ResponseHandler) -> execute
com.google.android.common.http.GoogleHttpClient$BlockedRequestException -> com.google.android.common.b.b:
    com.google.android.common.http.UrlRules$Rule mRule -> a
com.google.android.common.http.GoogleHttpClient$WrappedLayeredSocketFactory -> com.google.android.common.b.c:
    org.apache.http.conn.scheme.LayeredSocketFactory mDelegate -> c
    com.google.android.common.http.GoogleHttpClient this$0 -> a
    160:160:java.net.Socket createSocket(java.net.Socket,java.lang.String,int,boolean) -> createSocket
com.google.android.common.http.GoogleHttpClient$WrappedSocketFactory -> com.google.android.common.b.d:
    org.apache.http.conn.scheme.SocketFactory mDelegate -> a
    com.google.android.common.http.GoogleHttpClient this$0 -> b
    141:141:java.net.Socket createSocket() -> createSocket
    142:142:boolean isSecure(java.net.Socket) -> isSecure
    147:148:java.net.Socket connectSocket(java.net.Socket,java.lang.String,int,java.net.InetAddress,int,org.apache.http.params.HttpParams) -> connectSocket
com.google.android.common.http.NetworkStatsEntity -> com.google.android.common.b.e:
    java.lang.String mUa -> a
    int mUid -> b
    long mStartTx -> c
    long mStartRx -> d
    long mResponseLatency -> e
    long mProcessingStartTime -> f
    76:77:java.io.InputStream getContent() -> getContent
    30:30:long access$000(com.google.android.common.http.NetworkStatsEntity) -> a
    30:30:int access$100(com.google.android.common.http.NetworkStatsEntity) -> b
    30:30:java.lang.String access$200(com.google.android.common.http.NetworkStatsEntity) -> c
    30:30:long access$300(com.google.android.common.http.NetworkStatsEntity) -> d
    30:30:long access$400(com.google.android.common.http.NetworkStatsEntity) -> e
    30:30:long access$500(com.google.android.common.http.NetworkStatsEntity) -> f