Cyclismo/Cyclismo/proguard/usage.txt
org.cowboycoders.cyclisimo.BaseOverlay
org.cowboycoders.cyclisimo.BuildConfig
org.cowboycoders.cyclisimo.ChartValueSeries:
    private static final float STROKE_WIDTH
org.cowboycoders.cyclisimo.ChartView:
    public static final float MEDIUM_TEXT_SIZE
    public static final float SMALL_TEXT_SIZE
    public static final int Y_AXIS_INTERVALS
    public static final int NUM_SERIES
    public static final int ELEVATION_SERIES
    public static final int SPEED_SERIES
    public static final int PACE_SERIES
    public static final int HEART_RATE_SERIES
    public static final int CADENCE_SERIES
    public static final int POWER_SERIES
    private static final int TARGET_X_AXIS_INTERVALS
    private static final int MIN_ZOOM_LEVEL
    private static final int MAX_ZOOM_LEVEL
    private static final int BORDER
    private static final int SPACER
    private static final int Y_AXIS_OFFSET
    1102:1102:public boolean isMetricUnits()
org.cowboycoders.cyclisimo.ColoredPath
org.cowboycoders.cyclisimo.Constants
org.cowboycoders.cyclisimo.CourseListActivity:
    private static final int GOOGLE_PLAY_SERVICES_REQUEST_CODE
    private static final int REQUEST_CODE
org.cowboycoders.cyclisimo.CourseSetupActivity:
    private static final java.lang.String TAG
org.cowboycoders.cyclisimo.DummyOverlay:
    44:45:public void update()
org.cowboycoders.cyclisimo.ImportActivity:
    public static final java.lang.String EXTRA_IMPORT_ALL
    private static final int DIALOG_PROGRESS_ID
    private static final int DIALOG_RESULT_ID
org.cowboycoders.cyclisimo.Manifest
org.cowboycoders.cyclisimo.Manifest$permission
org.cowboycoders.cyclisimo.MapOverlay:
    public static final float WAYPOINT_X_ANCHOR
    private static final float WAYPOINT_Y_ANCHOR
    private static final float MARKER_X_ANCHOR
    private static final float MARKER_Y_ANCHOR
    private static final int INITIAL_LOCATIONS_SIZE
    98:98:public java.util.List getWaypoints()
    116:116:public android.content.Context getContext()
org.cowboycoders.cyclisimo.MarkerDetailActivity:
    public static final java.lang.String EXTRA_MARKER_ID
org.cowboycoders.cyclisimo.MarkerEditActivity:
    public static final java.lang.String EXTRA_TRACK_ID
    public static final java.lang.String EXTRA_MARKER_ID
org.cowboycoders.cyclisimo.MarkerListActivity:
    public static final java.lang.String EXTRA_TRACK_ID
org.cowboycoders.cyclisimo.R
org.cowboycoders.cyclisimo.R$array
org.cowboycoders.cyclisimo.R$attr
org.cowboycoders.cyclisimo.R$color
org.cowboycoders.cyclisimo.R$dimen
org.cowboycoders.cyclisimo.R$drawable
org.cowboycoders.cyclisimo.R$id
org.cowboycoders.cyclisimo.R$layout
org.cowboycoders.cyclisimo.R$menu
org.cowboycoders.cyclisimo.R$plurals
org.cowboycoders.cyclisimo.R$raw
org.cowboycoders.cyclisimo.R$string
org.cowboycoders.cyclisimo.R$style
org.cowboycoders.cyclisimo.R$styleable
org.cowboycoders.cyclisimo.R$xml
org.cowboycoders.cyclisimo.SearchListActivity:
    private static final java.lang.String IS_RECORDING_FIELD
    private static final java.lang.String IS_PAUSED_FIELD
    private static final java.lang.String ICON_ID_FIELD
    private static final java.lang.String ICON_CONTENT_DESCRIPTION_ID_FIELD
    private static final java.lang.String NAME_FIELD
    private static final java.lang.String CATEGORY_FIELD
    private static final java.lang.String TOTAL_TIME_FIELD
    private static final java.lang.String TOTAL_DISTANCE_FIELD
    private static final java.lang.String START_TIME_FIELD
    private static final java.lang.String DESCRIPTION_FIELD
    private static final java.lang.String TRACK_ID_FIELD
    private static final java.lang.String MARKER_ID_FIELD
org.cowboycoders.cyclisimo.SensorStateActivity:
    private static final long REFRESH_PERIOD_MS
...
com.google.common.util.concurrent.AbstractIdleService$1$2
com.google.common.util.concurrent.AbstractIdleService$2
com.google.common.util.concurrent.AbstractListenableFuture
com.google.common.util.concurrent.AbstractService
com.google.common.util.concurrent.AbstractService$1
com.google.common.util.concurrent.AbstractService$Transition
com.google.common.util.concurrent.Callables
com.google.common.util.concurrent.Callables$1
com.google.common.util.concurrent.CheckedFuture
com.google.common.util.concurrent.ExecutionList
com.google.common.util.concurrent.ExecutionList$RunnableExecutorPair
com.google.common.util.concurrent.FakeTimeLimiter
com.google.common.util.concurrent.ForwardingBlockingQueue
com.google.common.util.concurrent.ForwardingCheckedFuture
com.google.common.util.concurrent.ForwardingCheckedFuture$SimpleForwardingCheckedFuture
com.google.common.util.concurrent.ForwardingFuture
com.google.common.util.concurrent.ForwardingFuture$SimpleForwardingFuture
com.google.common.util.concurrent.ForwardingListenableFuture
com.google.common.util.concurrent.ForwardingListenableFuture$SimpleForwardingListenableFuture
com.google.common.util.concurrent.ForwardingService
com.google.common.util.concurrent.Futures
com.google.common.util.concurrent.Futures$1
com.google.common.util.concurrent.Futures$2
com.google.common.util.concurrent.Futures$3
com.google.common.util.concurrent.Futures$4
com.google.common.util.concurrent.Futures$5
com.google.common.util.concurrent.Futures$ChainingListenableFuture
com.google.common.util.concurrent.Futures$ChainingListenableFuture$1
com.google.common.util.concurrent.Futures$ListenableFutureAdapter
com.google.common.util.concurrent.Futures$ListenableFutureAdapter$1
com.google.common.util.concurrent.Futures$MappingCheckedFuture
com.google.common.util.concurrent.ListenableFuture
com.google.common.util.concurrent.ListenableFutureTask
com.google.common.util.concurrent.MoreExecutors
com.google.common.util.concurrent.MoreExecutors$1
com.google.common.util.concurrent.MoreExecutors$SameThreadExecutorService
com.google.common.util.concurrent.Service
com.google.common.util.concurrent.Service$State
com.google.common.util.concurrent.SettableFuture
com.google.common.util.concurrent.SimpleTimeLimiter
com.google.common.util.concurrent.SimpleTimeLimiter$1
com.google.common.util.concurrent.SimpleTimeLimiter$1$1
com.google.common.util.concurrent.ThreadFactoryBuilder
com.google.common.util.concurrent.ThreadFactoryBuilder$1
com.google.common.util.concurrent.TimeLimiter
com.google.common.util.concurrent.UncaughtExceptionHandlers
com.google.common.util.concurrent.UncaughtExceptionHandlers$Exiter
com.google.common.util.concurrent.UncheckedTimeoutException
com.google.common.util.concurrent.UninterruptibleFuture
com.google.common.util.concurrent.package-info
com.google.gson.AnonymousAndLocalClassExclusionStrategy
com.google.gson.Cache
com.google.gson.CamelCaseSeparatorNamingPolicy
com.google.gson.CircularReferenceException
com.google.gson.CompositionFieldNamingPolicy
com.google.gson.DefaultTypeAdapters
com.google.gson.DefaultTypeAdapters$1
com.google.gson.DefaultTypeAdapters$BigDecimalTypeAdapter
com.google.gson.DefaultTypeAdapters$BigIntegerTypeAdapter
com.google.gson.DefaultTypeAdapters$BooleanTypeAdapter
com.google.gson.DefaultTypeAdapters$ByteTypeAdapter
com.google.gson.DefaultTypeAdapters$CharacterTypeAdapter
com.google.gson.DefaultTypeAdapters$CollectionTypeAdapter
com.google.gson.DefaultTypeAdapters$DefaultDateTypeAdapter
com.google.gson.DefaultTypeAdapters$DefaultJavaSqlDateTypeAdapter
com.google.gson.DefaultTypeAdapters$DefaultTimeTypeAdapter
com.google.gson.DefaultTypeAdapters$DefaultTimestampDeserializer
com.google.gson.DefaultTypeAdapters$DoubleDeserializer
com.google.gson.DefaultTypeAdapters$DoubleSerializer
com.google.gson.DefaultTypeAdapters$EnumTypeAdapter
com.google.gson.DefaultTypeAdapters$FloatDeserializer
com.google.gson.DefaultTypeAdapters$FloatSerializer